# JRE version: OpenJDK Runtime Environment Temurin-21.0.9+10 (21.0.9+10) (build 21.0.9+10-LTS)
# Java VM: OpenJDK 64-Bit Server VM Temurin-21.0.9+10 (21.0.9+10-LTS, mixed mode, sharing, tiered, compressed oops, compressed class ptrs, parallel gc, windows-amd64)
GC Precious Log:
 CardTable entry size: 512
 CPUs: 12 total, 12 available
 Memory: 7583M
 Large Page Support: Disabled
 NUMA Support: Disabled
 Compressed Oops: Enabled (32-bit)
 Alignments: Space 512K, Generation 512K, Heap 2M
 Heap Min Capacity: 100M
 Heap Initial Capacity: 100M
 Heap Max Capacity: 2G
 Pre-touch: Disabled
 Parallel Workers: 10
Heap:
 PSYoungGen      total 15360K, used 14472K [0x00000000d5580000, 0x00000000d6600000, 0x0000000100000000)
  eden space 14336K, 95% used [0x00000000d5580000,0x00000000d62ee018,0x00000000d6380000)
  from space 1024K, 70% used [0x00000000d6380000,0x00000000d6434010,0x00000000d6480000)
  to   space 1024K, 0% used [0x00000000d6500000,0x00000000d6500000,0x00000000d6600000)
 ParOldGen       total 107008K, used 106520K [0x0000000080000000, 0x0000000086880000, 0x00000000d5580000)
  object space 107008K, 99% used [0x0000000080000000,0x00000000868063c0,0x0000000086880000)
 Metaspace       used 45078K, committed 46144K, reserved 1114112K
  class space    used 4384K, committed 4864K, reserved 1048576K
GC Heap History (20 events):
Event: 23.540 GC heap before
{Heap before GC invocations=75 (full 2):
 PSYoungGen      total 14336K, used 14112K [0x00000000d5580000, 0x00000000d6600000, 0x0000000100000000)
  eden space 12800K, 100% used [0x00000000d5580000,0x00000000d6200000,0x00000000d6200000)
  from space 1536K, 85% used [0x00000000d6480000,0x00000000d65c8000,0x00000000d6600000)
  to   space 2048K, 0% used [0x00000000d6200000,0x00000000d6200000,0x00000000d6400000)
 ParOldGen       total 84480K, used 84071K [0x0000000080000000, 0x0000000085280000, 0x00000000d5580000)
  object space 84480K, 99% used [0x0000000080000000,0x0000000085219cd8,0x0000000085280000)
 Metaspace       used 44083K, committed 45120K, reserved 1114112K
  class space    used 4358K, committed 4800K, reserved 1048576K
}
Event: 23.541 GC heap after
{Heap after GC invocations=75 (full 2):
 PSYoungGen      total 14848K, used 1840K [0x00000000d5580000, 0x00000000d6600000, 0x0000000100000000)
  eden space 12800K, 0% used [0x00000000d5580000,0x00000000d5580000,0x00000000d6200000)
  from space 2048K, 89% used [0x00000000d6200000,0x00000000d63cc010,0x00000000d6400000)
  to   space 2048K, 0% used [0x00000000d6400000,0x00000000d6400000,0x00000000d6600000)
 ParOldGen       total 85504K, used 85211K [0x0000000080000000, 0x0000000085380000, 0x00000000d5580000)
  object space 85504K, 99% used [0x0000000080000000,0x0000000085336d88,0x0000000085380000)
 Metaspace       used 44083K, committed 45120K, reserved 1114112K
  class space    used 4358K, committed 4800K, reserved 1048576K
}
Event: 23.608 GC heap before
{Heap before GC invocations=76 (full 2):
 PSYoungGen      total 14848K, used 14640K [0x00000000d5580000, 0x00000000d6600000, 0x0000000100000000)
  eden space 12800K, 100% used [0x00000000d5580000,0x00000000d6200000,0x00000000d6200000)
  from space 2048K, 89% used [0x00000000d6200000,0x00000000d63cc010,0x00000000d6400000)
  to   space 2048K, 0% used [0x00000000d6400000,0x00000000d6400000,0x00000000d6600000)
 ParOldGen       total 85504K, used 85211K [0x0000000080000000, 0x0000000085380000, 0x00000000d5580000)
  object space 85504K, 99% used [0x0000000080000000,0x0000000085336d88,0x0000000085380000)
 Metaspace       used 44207K, committed 45248K, reserved 1114112K
  class space    used 4358K, committed 4800K, reserved 1048576K
}
Event: 23.610 GC heap after
{Heap after GC invocations=76 (full 2):
 PSYoungGen      total 12800K, used 2032K [0x00000000d5580000, 0x00000000d6a00000, 0x0000000100000000)
  eden space 10752K, 0% used [0x00000000d5580000,0x00000000d5580000,0x00000000d6000000)
  from space 2048K, 99% used [0x00000000d6400000,0x00000000d65fc010,0x00000000d6600000)
  to   space 4096K, 0% used [0x00000000d6000000,0x00000000d6000000,0x00000000d6400000)
 ParOldGen       total 87040K, used 86897K [0x0000000080000000, 0x0000000085500000, 0x00000000d5580000)
  object space 87040K, 99% used [0x0000000080000000,0x00000000854dc640,0x0000000085500000)
 Metaspace       used 44207K, committed 45248K, reserved 1114112K
  class space    used 4358K, committed 4800K, reserved 1048576K
}
Event: 23.656 GC heap before
{Heap before GC invocations=77 (full 2):
 PSYoungGen      total 12800K, used 12784K [0x00000000d5580000, 0x00000000d6a00000, 0x0000000100000000)
  eden space 10752K, 100% used [0x00000000d5580000,0x00000000d6000000,0x00000000d6000000)
  from space 2048K, 99% used [0x00000000d6400000,0x00000000d65fc010,0x00000000d6600000)
  to   space 4096K, 0% used [0x00000000d6000000,0x00000000d6000000,0x00000000d6400000)
 ParOldGen       total 87040K, used 86897K [0x0000000080000000, 0x0000000085500000, 0x00000000d5580000)
  object space 87040K, 99% used [0x0000000080000000,0x00000000854dc640,0x0000000085500000)
 Metaspace       used 44292K, committed 45376K, reserved 1114112K
  class space    used 4362K, committed 4800K, reserved 1048576K
}
Event: 23.658 GC heap after
{Heap after GC invocations=77 (full 2):
 PSYoungGen      total 12800K, used 1696K [0x00000000d5580000, 0x00000000d6500000, 0x0000000100000000)
  eden space 10752K, 0% used [0x00000000d5580000,0x00000000d5580000,0x00000000d6000000)
  from space 2048K, 82% used [0x00000000d6000000,0x00000000d61a8000,0x00000000d6200000)
  to   space 2560K, 0% used [0x00000000d6280000,0x00000000d6280000,0x00000000d6500000)
 ParOldGen       total 89088K, used 88873K [0x0000000080000000, 0x0000000085700000, 0x00000000d5580000)
  object space 89088K, 99% used [0x0000000080000000,0x00000000856ca510,0x0000000085700000)
 Metaspace       used 44292K, committed 45376K, reserved 1114112K
  class space    used 4362K, committed 4800K, reserved 1048576K
}
Event: 23.710 GC heap before
{Heap before GC invocations=78 (full 2):
 PSYoungGen      total 12800K, used 12448K [0x00000000d5580000, 0x00000000d6500000, 0x0000000100000000)
  eden space 10752K, 100% used [0x00000000d5580000,0x00000000d6000000,0x00000000d6000000)
  from space 2048K, 82% used [0x00000000d6000000,0x00000000d61a8000,0x00000000d6200000)
  to   space 2560K, 0% used [0x00000000d6280000,0x00000000d6280000,0x00000000d6500000)
 ParOldGen       total 89088K, used 88873K [0x0000000080000000, 0x0000000085700000, 0x00000000d5580000)
  object space 89088K, 99% used [0x0000000080000000,0x00000000856ca510,0x0000000085700000)
 Metaspace       used 44415K, committed 45440K, reserved 1114112K
  class space    used 4366K, committed 4800K, reserved 1048576K
}
Event: 23.712 GC heap after
{Heap after GC invocations=78 (full 2):
 PSYoungGen      total 12800K, used 1632K [0x00000000d5580000, 0x00000000d6480000, 0x0000000100000000)
  eden space 10752K, 0% used [0x00000000d5580000,0x00000000d5580000,0x00000000d6000000)
  from space 2048K, 79% used [0x00000000d6280000,0x00000000d6418020,0x00000000d6480000)
  to   space 2048K, 0% used [0x00000000d6000000,0x00000000d6000000,0x00000000d6200000)
 ParOldGen       total 90624K, used 90326K [0x0000000080000000, 0x0000000085880000, 0x00000000d5580000)
  object space 90624K, 99% used [0x0000000080000000,0x0000000085835be0,0x0000000085880000)
 Metaspace       used 44415K, committed 45440K, reserved 1114112K
  class space    used 4366K, committed 4800K, reserved 1048576K
}
Event: 23.757 GC heap before
{Heap before GC invocations=79 (full 2):
 PSYoungGen      total 12800K, used 12384K [0x00000000d5580000, 0x00000000d6480000, 0x0000000100000000)
  eden space 10752K, 100% used [0x00000000d5580000,0x00000000d6000000,0x00000000d6000000)
  from space 2048K, 79% used [0x00000000d6280000,0x00000000d6418020,0x00000000d6480000)
  to   space 2048K, 0% used [0x00000000d6000000,0x00000000d6000000,0x00000000d6200000)
 ParOldGen       total 90624K, used 90326K [0x0000000080000000, 0x0000000085880000, 0x00000000d5580000)
  object space 90624K, 99% used [0x0000000080000000,0x0000000085835be0,0x0000000085880000)
 Metaspace       used 44478K, committed 45568K, reserved 1114112K
  class space    used 4368K, committed 4864K, reserved 1048576K
}
Event: 23.758 GC heap after
{Heap after GC invocations=79 (full 2):
 PSYoungGen      total 12800K, used 1824K [0x00000000d5580000, 0x00000000d6400000, 0x0000000100000000)
  eden space 10752K, 0% used [0x00000000d5580000,0x00000000d5580000,0x00000000d6000000)
  from space 2048K, 89% used [0x00000000d6000000,0x00000000d61c8000,0x00000000d6200000)
  to   space 2048K, 0% used [0x00000000d6200000,0x00000000d6200000,0x00000000d6400000)
 ParOldGen       total 91648K, used 91611K [0x0000000080000000, 0x0000000085980000, 0x00000000d5580000)
  object space 91648K, 99% used [0x0000000080000000,0x0000000085976c70,0x0000000085980000)
 Metaspace       used 44478K, committed 45568K, reserved 1114112K
  class space    used 4368K, committed 4864K, reserved 1048576K
}
Event: 23.795 GC heap before
{Heap before GC invocations=80 (full 2):
 PSYoungGen      total 12800K, used 12576K [0x00000000d5580000, 0x00000000d6400000, 0x0000000100000000)
  eden space 10752K, 100% used [0x00000000d5580000,0x00000000d6000000,0x00000000d6000000)
  from space 2048K, 89% used [0x00000000d6000000,0x00000000d61c8000,0x00000000d6200000)
  to   space 2048K, 0% used [0x00000000d6200000,0x00000000d6200000,0x00000000d6400000)
 ParOldGen       total 91648K, used 91611K [0x0000000080000000, 0x0000000085980000, 0x00000000d5580000)
  object space 91648K, 99% used [0x0000000080000000,0x0000000085976c70,0x0000000085980000)
 Metaspace       used 44508K, committed 45632K, reserved 1114112K
  class space    used 4369K, committed 4864K, reserved 1048576K
}
Event: 23.797 GC heap after
{Heap after GC invocations=80 (full 2):
 PSYoungGen      total 12800K, used 1521K [0x00000000d5580000, 0x00000000d6400000, 0x0000000100000000)
  eden space 10752K, 0% used [0x00000000d5580000,0x00000000d5580000,0x00000000d6000000)
  from space 2048K, 74% used [0x00000000d6200000,0x00000000d637c648,0x00000000d6400000)
  to   space 2048K, 0% used [0x00000000d6000000,0x00000000d6000000,0x00000000d6200000)
 ParOldGen       total 93184K, used 93172K [0x0000000080000000, 0x0000000085b00000, 0x00000000d5580000)
  object space 93184K, 99% used [0x0000000080000000,0x0000000085afd258,0x0000000085b00000)
 Metaspace       used 44508K, committed 45632K, reserved 1114112K
  class space    used 4369K, committed 4864K, reserved 1048576K
}
Event: 23.872 GC heap before
{Heap before GC invocations=81 (full 2):
 PSYoungGen      total 12800K, used 12273K [0x00000000d5580000, 0x00000000d6400000, 0x0000000100000000)
  eden space 10752K, 100% used [0x00000000d5580000,0x00000000d6000000,0x00000000d6000000)
  from space 2048K, 74% used [0x00000000d6200000,0x00000000d637c648,0x00000000d6400000)
  to   space 2048K, 0% used [0x00000000d6000000,0x00000000d6000000,0x00000000d6200000)
 ParOldGen       total 93184K, used 93172K [0x0000000080000000, 0x0000000085b00000, 0x00000000d5580000)
  object space 93184K, 99% used [0x0000000080000000,0x0000000085afd258,0x0000000085b00000)
 Metaspace       used 44660K, committed 45760K, reserved 1114112K
  class space    used 4374K, committed 4864K, reserved 1048576K
}
Event: 23.876 GC heap after
{Heap after GC invocations=81 (full 2):
 PSYoungGen      total 12800K, used 2032K [0x00000000d5580000, 0x00000000d7000000, 0x0000000100000000)
  eden space 10752K, 0% used [0x00000000d5580000,0x00000000d5580000,0x00000000d6000000)
  from space 2048K, 99% used [0x00000000d6000000,0x00000000d61fc010,0x00000000d6200000)
  to   space 8192K, 0% used [0x00000000d6800000,0x00000000d6800000,0x00000000d7000000)
 ParOldGen       total 98304K, used 98194K [0x0000000080000000, 0x0000000086000000, 0x00000000d5580000)
  object space 98304K, 99% used [0x0000000080000000,0x0000000085fe4b40,0x0000000086000000)
 Metaspace       used 44660K, committed 45760K, reserved 1114112K
  class space    used 4374K, committed 4864K, reserved 1048576K
}
Event: 23.923 GC heap before
{Heap before GC invocations=82 (full 2):
 PSYoungGen      total 12800K, used 12732K [0x00000000d5580000, 0x00000000d7000000, 0x0000000100000000)
  eden space 10752K, 99% used [0x00000000d5580000,0x00000000d5ff31f8,0x00000000d6000000)
  from space 2048K, 99% used [0x00000000d6000000,0x00000000d61fc010,0x00000000d6200000)
  to   space 8192K, 0% used [0x00000000d6800000,0x00000000d6800000,0x00000000d7000000)
 ParOldGen       total 98304K, used 98194K [0x0000000080000000, 0x0000000086000000, 0x00000000d5580000)
  object space 98304K, 99% used [0x0000000080000000,0x0000000085fe4b40,0x0000000086000000)
 Metaspace       used 44716K, committed 45760K, reserved 1114112K
  class space    used 4374K, committed 4864K, reserved 1048576K
}
Event: 23.926 GC heap after
{Heap after GC invocations=82 (full 2):
 PSYoungGen      total 15360K, used 4479K [0x00000000d5580000, 0x00000000d6c80000, 0x0000000100000000)
  eden space 10752K, 0% used [0x00000000d5580000,0x00000000d5580000,0x00000000d6000000)
  from space 4608K, 97% used [0x00000000d6800000,0x00000000d6c5fc80,0x00000000d6c80000)
  to   space 5632K, 0% used [0x00000000d6180000,0x00000000d6180000,0x00000000d6700000)
 ParOldGen       total 100352K, used 99948K [0x0000000080000000, 0x0000000086200000, 0x00000000d5580000)
  object space 100352K, 99% used [0x0000000080000000,0x000000008619b2d0,0x0000000086200000)
 Metaspace       used 44716K, committed 45760K, reserved 1114112K
  class space    used 4374K, committed 4864K, reserved 1048576K
}
Event: 23.970 GC heap before
{Heap before GC invocations=83 (full 2):
 PSYoungGen      total 15360K, used 15231K [0x00000000d5580000, 0x00000000d6c80000, 0x0000000100000000)
  eden space 10752K, 99% used [0x00000000d5580000,0x00000000d5ffffc8,0x00000000d6000000)
  from space 4608K, 97% used [0x00000000d6800000,0x00000000d6c5fc80,0x00000000d6c80000)
  to   space 5632K, 0% used [0x00000000d6180000,0x00000000d6180000,0x00000000d6700000)
 ParOldGen       total 100352K, used 99948K [0x0000000080000000, 0x0000000086200000, 0x00000000d5580000)
  object space 100352K, 99% used [0x0000000080000000,0x000000008619b2d0,0x0000000086200000)
 Metaspace       used 44766K, committed 45824K, reserved 1114112K
  class space    used 4374K, committed 4864K, reserved 1048576K
}
Event: 24.975 GC heap after
{Heap after GC invocations=83 (full 2):
 PSYoungGen      total 14336K, used 1856K [0x00000000d5580000, 0x00000000d6880000, 0x0000000100000000)
  eden space 12288K, 0% used [0x00000000d5580000,0x00000000d5580000,0x00000000d6180000)
  from space 2048K, 90% used [0x00000000d6180000,0x00000000d63500a8,0x00000000d6380000)
  to   space 3072K, 0% used [0x00000000d6580000,0x00000000d6580000,0x00000000d6880000)
 ParOldGen       total 103936K, used 103732K [0x0000000080000000, 0x0000000086580000, 0x00000000d5580000)
  object space 103936K, 99% used [0x0000000080000000,0x000000008654d358,0x0000000086580000)
 Metaspace       used 44766K, committed 45824K, reserved 1114112K
  class space    used 4374K, committed 4864K, reserved 1048576K
}
Event: 25.012 GC heap before
{Heap before GC invocations=84 (full 2):
 PSYoungGen      total 14336K, used 14144K [0x00000000d5580000, 0x00000000d6880000, 0x0000000100000000)
  eden space 12288K, 100% used [0x00000000d5580000,0x00000000d6180000,0x00000000d6180000)
  from space 2048K, 90% used [0x00000000d6180000,0x00000000d63500a8,0x00000000d6380000)
  to   space 3072K, 0% used [0x00000000d6580000,0x00000000d6580000,0x00000000d6880000)
 ParOldGen       total 103936K, used 103732K [0x0000000080000000, 0x0000000086580000, 0x00000000d5580000)
  object space 103936K, 99% used [0x0000000080000000,0x000000008654d358,0x0000000086580000)
 Metaspace       used 44845K, committed 45952K, reserved 1114112K
  class space    used 4380K, committed 4864K, reserved 1048576K
}
Event: 25.014 GC heap after
{Heap after GC invocations=84 (full 2):
 PSYoungGen      total 16896K, used 1296K [0x00000000d5580000, 0x00000000d6800000, 0x0000000100000000)
  eden space 14336K, 0% used [0x00000000d5580000,0x00000000d5580000,0x00000000d6380000)
  from space 2560K, 50% used [0x00000000d6580000,0x00000000d66c4010,0x00000000d6800000)
  to   space 2048K, 0% used [0x00000000d6380000,0x00000000d6380000,0x00000000d6580000)
 ParOldGen       total 105984K, used 105358K [0x0000000080000000, 0x0000000086780000, 0x00000000d5580000)
  object space 105984K, 99% used [0x0000000080000000,0x00000000866e38c0,0x0000000086780000)
 Metaspace       used 44845K, committed 45952K, reserved 1114112K
  class space    used 4380K, committed 4864K, reserved 1048576K
}

